<?xml version="1.0" encoding="UTF-8"?>
<testng-results skipped="0" failed="0" ignored="0" total="1" passed="1">
  <reporter-output>
  </reporter-output>
  <suite name="SeleniumDev.TestClass" duration-ms="89" started-at="2020-03-03T08:52:22Z" finished-at="2020-03-03T08:52:22Z">
    <groups>
    </groups>
    <test name="Command line test" duration-ms="89" started-at="2020-03-03T08:52:22Z" finished-at="2020-03-03T08:52:22Z">
      <class name="SeleniumDev.TestClass">
        <test-method status="PASS" signature="testMethod1()[pri:0, instance:SeleniumDev.TestClass@edf4efb]" name="testMethod1" duration-ms="32" started-at="2020-03-03T08:52:22Z" finished-at="2020-03-03T08:52:22Z">
          <reporter-output>
          </reporter-output>
        </test-method> <!-- testMethod1 -->
      </class> <!-- SeleniumDev.TestClass -->
    </test> <!-- Command line test -->
  </suite> <!-- SeleniumDev.TestClass -->
</testng-results>
